#
# There is insufficient memory for the Java Runtime Environment to continue.
# Native memory allocation (malloc) failed to allocate 598160 bytes for Chunk::new
# Possible reasons:
#   The system is out of physical RAM or swap space
#   In 32 bit mode, the process size limit was hit
# Possible solutions:
#   Reduce memory load on the system
#   Increase physical memory or swap space
#   Check if swap backing store is full
#   Use 64 bit Java on a 64 bit OS
#   Decrease Java heap size (-Xmx/-Xms)
#   Decrease number of Java threads
#   Decrease Java thread stack sizes (-Xss)
#   Set larger code cache with -XX:ReservedCodeCacheSize=
# This output file may be truncated or incomplete.
#
#  Out of Memory Error (allocation.cpp:390), pid=3324, tid=0x0000000000003ab4
#
# JRE version: OpenJDK Runtime Environment (8.0_152-b01) (build 1.8.0_152-release-1343-b01)
# Java VM: OpenJDK 64-Bit Server VM (25.152-b01 mixed mode windows-amd64 compressed oops)
# Failed to write core dump. Minidumps are not enabled by default on client versions of Windows
#

---------------  T H R E A D  ---------------

Current thread (0x0000000015c94000):  JavaThread "C2 CompilerThread0" daemon [_thread_in_native, id=15028, stack(0x0000000016cd0000,0x0000000016dd0000)]

Stack: [0x0000000016cd0000,0x0000000016dd0000]
[error occurred during error reporting (printing stack bounds), id 0xc0000005]

Native frames: (J=compiled Java code, j=interpreted, Vv=VM code, C=native code)


Current CompileTask:
C2: 280893 11860       4       java.io.ObjectOutputStream::writeClassDesc (60 bytes)


---------------  P R O C E S S  ---------------

Java Threads: ( => current thread )
  0x000000001ab7a000 JavaThread "Cache worker for execution history cache (C:\Users\deand\AndroidStudioProjects\bookfair.android\.gradle\5.1.1\executionHistory)" [_thread_blocked, id=13808, stack(0x0000000023160000,0x0000000023260000)]
  0x000000001ab81000 JavaThread "Execution worker for ':'" [_thread_blocked, id=1892, stack(0x0000000023060000,0x0000000023160000)]
  0x000000001ab7f800 JavaThread "Cache worker for Build Output Cleanup Cache (C:\Users\deand\AndroidStudioProjects\bookfair.android\.gradle\buildOutputCleanup)" [_thread_blocked, id=6368, stack(0x0000000022f60000,0x0000000023060000)]
  0x000000001ab78000 JavaThread "pool-3-thread-1" [_thread_blocked, id=5004, stack(0x0000000022e60000,0x0000000022f60000)]
  0x000000001ab7e800 JavaThread "Build operations Thread 2" [_thread_in_native, id=13180, stack(0x0000000022d60000,0x0000000022e60000)]
  0x000000001ab7e000 JavaThread "Build operations" [_thread_blocked, id=9132, stack(0x0000000022c60000,0x0000000022d60000)]
  0x000000001ab7d000 JavaThread "Cache worker for cache directory md-rule (C:\Users\deand\.gradle\caches\5.1.1\md-rule)" [_thread_blocked, id=14460, stack(0x0000000022b60000,0x0000000022c60000)]
  0x000000001ab7c800 JavaThread "Cache worker for cache directory md-supplier (C:\Users\deand\.gradle\caches\5.1.1\md-supplier)" [_thread_blocked, id=11056, stack(0x0000000022a60000,0x0000000022b60000)]
  0x000000001ab7b800 JavaThread "Cache worker for file hash cache (C:\Users\deand\AndroidStudioProjects\bookfair.android\.gradle\5.1.1\fileHashes)" [_thread_blocked, id=8028, stack(0x0000000022960000,0x0000000022a60000)]
  0x000000001ab77000 JavaThread "Thread-23" [_thread_blocked, id=13868, stack(0x0000000022860000,0x0000000022960000)]
  0x000000001ab7b000 JavaThread "Stdin handler" [_thread_blocked, id=2004, stack(0x0000000022760000,0x0000000022860000)]
  0x000000001ab72800 JavaThread "Asynchronous log dispatcher for DefaultDaemonConnection: socket connection from /127.0.0.1:52584 to /127.0.0.1:52624" [_thread_blocked, id=2024, stack(0x0000000022660000,0x0000000022760000)]
  0x000000001ab76800 JavaThread "Cancel handler" [_thread_blocked, id=14756, stack(0x0000000022560000,0x0000000022660000)]
  0x000000001ab72000 JavaThread "Handler for socket connection from /127.0.0.1:52584 to /127.0.0.1:52624" [_thread_in_native, id=8432, stack(0x0000000022460000,0x0000000022560000)]
  0x000000001ab78800 JavaThread "Memory manager" [_thread_blocked, id=11984, stack(0x0000000020690000,0x0000000020790000)]
  0x00000000185e0800 JavaThread "Cache worker for execution history cache (C:\Users\deand\.gradle\caches\5.1.1\executionHistory)" [_thread_blocked, id=11240, stack(0x000000001d0c0000,0x000000001d1c0000)]
  0x00000000185e1000 JavaThread "Cache worker for journal cache (C:\Users\deand\.gradle\caches\journal-1)" [_thread_blocked, id=4232, stack(0x000000001a020000,0x000000001a120000)]
  0x0000000017a2e000 JavaThread "File lock request listener" [_thread_in_native, id=8032, stack(0x0000000019f20000,0x000000001a020000)]
  0x00000000178ec800 JavaThread "Cache worker for file hash cache (C:\Users\deand\.gradle\caches\5.1.1\fileHashes)" [_thread_blocked, id=13392, stack(0x0000000019e20000,0x0000000019f20000)]
  0x0000000017a1f000 JavaThread "Daemon worker" [_thread_blocked, id=7404, stack(0x0000000019a20000,0x0000000019b20000)]
  0x0000000017ad2000 JavaThread "Daemon" [_thread_blocked, id=14340, stack(0x0000000019520000,0x0000000019620000)]
  0x0000000017acc000 JavaThread "Daemon periodic checks" [_thread_blocked, id=14968, stack(0x0000000019420000,0x0000000019520000)]
  0x00000000181d1000 JavaThread "Incoming local TCP Connector on port 52584" [_thread_in_native, id=14332, stack(0x00000000191e0000,0x00000000192e0000)]
  0x0000000015d02800 JavaThread "Service Thread" daemon [_thread_blocked, id=12420, stack(0x0000000016ed0000,0x0000000016fd0000)]
  0x0000000015cee000 JavaThread "C1 CompilerThread1" daemon [_thread_blocked, id=10740, stack(0x0000000016dd0000,0x0000000016ed0000)]
=>0x0000000015c94000 JavaThread "C2 CompilerThread0" daemon [_thread_in_native, id=15028, stack(0x0000000016cd0000,0x0000000016dd0000)]
  0x0000000015ca4000 JavaThread "Attach Listener" daemon [_thread_blocked, id=10500, stack(0x0000000016bd0000,0x0000000016cd0000)]
  0x0000000015ca0800 JavaThread "Signal Dispatcher" daemon [_thread_blocked, id=9532, stack(0x0000000016ad0000,0x0000000016bd0000)]
  0x0000000002563800 JavaThread "Finalizer" daemon [_thread_blocked, id=14708, stack(0x00000000168e0000,0x00000000169e0000)]
  0x000000000255f000 JavaThread "Reference Handler" daemon [_thread_blocked, id=9844, stack(0x00000000167e0000,0x00000000168e0000)]
  0x000000000246e800 JavaThread "main" [_thread_blocked, id=1556, stack(0x00000000022e0000,0x00000000023e0000)]

Other Threads:
  0x0000000015c65800 VMThread [stack: 0x00000000166e0000,0x00000000167e0000] [id=6072]
  0x0000000015cfb000 WatcherThread [stack: 0x0000000016fd0000,0x00000000170d0000] [id=3276]

VM state:not at safepoint (normal execution)

VM Mutex/Monitor currently owned by a thread: None

Heap:
 PSYoungGen      total 217600K, used 99232K [0x00000000e0000000, 0x00000000eff80000, 0x0000000100000000)
  eden space 187392K, 36% used [0x00000000e0000000,0x00000000e436b9b8,0x00000000eb700000)
  from space 30208K, 99% used [0x00000000eda80000,0x00000000ef7fc960,0x00000000ef800000)
  to   space 36352K, 0% used [0x00000000eb700000,0x00000000eb700000,0x00000000eda80000)
 ParOldGen       total 209920K, used 47219K [0x00000000a0000000, 0x00000000acd00000, 0x00000000e0000000)
  object space 209920K, 22% used [0x00000000a0000000,0x00000000a2e1cdf0,0x00000000acd00000)
 Metaspace       used 78300K, capacity 81146K, committed 81304K, reserved 1120256K
  class space    used 10144K, capacity 10806K, committed 10920K, reserved 1048576K

Card table byte_map: [0x0000000011930000,0x0000000011c40000] byte_map_base: 0x0000000011430000

Marking Bits: (ParMarkBitMap*) 0x000000006b595aa0
 Begin Bits: [0x0000000012040000, 0x0000000013840000)
 End Bits:   [0x0000000013840000, 0x0000000015040000)

Polling page: 0x0000000002250000

CodeCache: size=245760Kb used=33398Kb max_used=33429Kb free=212361Kb
 bounds [0x0000000002570000, 0x0000000004640000, 0x0000000011570000]
 total_blobs=10772 nmethods=9910 adapters=775
 compilation: enabled

Compilation events (10 events):
Event: 280.153 Thread 0x0000000015c94000 nmethod 11855 0x0000000004638a90 code [0x0000000004638c00, 0x0000000004638e98]
Event: 280.153 Thread 0x0000000015c94000 11856       4       com.google.common.collect.ImmutableSortedMap$1EntrySet$1::get (39 bytes)
Event: 280.157 Thread 0x0000000015c94000 nmethod 11856 0x0000000004639350 code [0x00000000046394c0, 0x0000000004639758]
Event: 280.236 Thread 0x0000000015c94000 11857       4       org.gradle.cache.internal.DefaultFileLockManager$DefaultFileLock::readFile (11 bytes)
Event: 280.270 Thread 0x0000000015c94000 nmethod 11857 0x000000000463c050 code [0x000000000463c2e0, 0x000000000463d000]
Event: 280.288 Thread 0x0000000015c94000 11858       4       sun.nio.fs.WindowsPath::getNameCount (10 bytes)
Event: 280.289 Thread 0x0000000015c94000 nmethod 11858 0x000000000267f410 code [0x000000000267f560, 0x000000000267f608]
Event: 280.301 Thread 0x0000000015c94000 11859       4       com.google.common.collect.ImmutableMultimap$1::hasNext (30 bytes)
Event: 280.303 Thread 0x0000000015c94000 nmethod 11859 0x00000000026bdb90 code [0x00000000026bdce0, 0x00000000026bddf8]
Event: 280.319 Thread 0x0000000015c94000 11860       4       java.io.ObjectOutputStream::writeClassDesc (60 bytes)

GC Heap History (10 events):
Event: 74.786 GC heap before
{Heap before GC invocations=15 (full 3):
 PSYoungGen      total 126464K, used 110080K [0x00000000e0000000, 0x00000000eaa80000, 0x0000000100000000)
  eden space 110080K, 100% used [0x00000000e0000000,0x00000000e6b80000,0x00000000e6b80000)
  from space 16384K, 0% used [0x00000000e6b80000,0x00000000e6b80000,0x00000000e7b80000)
  to   space 18944K, 0% used [0x00000000e9800000,0x00000000e9800000,0x00000000eaa80000)
 ParOldGen       total 209920K, used 33189K [0x00000000a0000000, 0x00000000acd00000, 0x00000000e0000000)
  object space 209920K, 15% used [0x00000000a0000000,0x00000000a20696b0,0x00000000acd00000)
 Metaspace       used 63524K, capacity 65418K, committed 65560K, reserved 1105920K
  class space    used 8490K, capacity 8936K, committed 9000K, reserved 1048576K
Event: 74.822 GC heap after
Heap after GC invocations=15 (full 3):
 PSYoungGen      total 145408K, used 10876K [0x00000000e0000000, 0x00000000ea500000, 0x0000000100000000)
  eden space 132096K, 0% used [0x00000000e0000000,0x00000000e0000000,0x00000000e8100000)
  from space 13312K, 81% used [0x00000000e9800000,0x00000000ea29f1c0,0x00000000ea500000)
  to   space 18432K, 0% used [0x00000000e8100000,0x00000000e8100000,0x00000000e9300000)
 ParOldGen       total 209920K, used 33197K [0x00000000a0000000, 0x00000000acd00000, 0x00000000e0000000)
  object space 209920K, 15% used [0x00000000a0000000,0x00000000a206b6b0,0x00000000acd00000)
 Metaspace       used 63524K, capacity 65418K, committed 65560K, reserved 1105920K
  class space    used 8490K, capacity 8936K, committed 9000K, reserved 1048576K
}
Event: 82.803 GC heap before
{Heap before GC invocations=16 (full 3):
 PSYoungGen      total 145408K, used 142972K [0x00000000e0000000, 0x00000000ea500000, 0x0000000100000000)
  eden space 132096K, 100% used [0x00000000e0000000,0x00000000e8100000,0x00000000e8100000)
  from space 13312K, 81% used [0x00000000e9800000,0x00000000ea29f1c0,0x00000000ea500000)
  to   space 18432K, 0% used [0x00000000e8100000,0x00000000e8100000,0x00000000e9300000)
 ParOldGen       total 209920K, used 33197K [0x00000000a0000000, 0x00000000acd00000, 0x00000000e0000000)
  object space 209920K, 15% used [0x00000000a0000000,0x00000000a206b6b0,0x00000000acd00000)
 Metaspace       used 66064K, capacity 68060K, committed 68248K, reserved 1107968K
  class space    used 8889K, capacity 9348K, committed 9384K, reserved 1048576K
Event: 83.076 GC heap after
Heap after GC invocations=16 (full 3):
 PSYoungGen      total 150528K, used 18404K [0x00000000e0000000, 0x00000000ecb00000, 0x0000000100000000)
  eden space 132096K, 0% used [0x00000000e0000000,0x00000000e0000000,0x00000000e8100000)
  from space 18432K, 99% used [0x00000000e8100000,0x00000000e92f9198,0x00000000e9300000)
  to   space 20480K, 0% used [0x00000000eb700000,0x00000000eb700000,0x00000000ecb00000)
 ParOldGen       total 209920K, used 33687K [0x00000000a0000000, 0x00000000acd00000, 0x00000000e0000000)
  object space 209920K, 16% used [0x00000000a0000000,0x00000000a20e5c48,0x00000000acd00000)
 Metaspace       used 66064K, capacity 68060K, committed 68248K, reserved 1107968K
  class space    used 8889K, capacity 9348K, committed 9384K, reserved 1048576K
}
Event: 113.356 GC heap before
{Heap before GC invocations=17 (full 3):
 PSYoungGen      total 150528K, used 150500K [0x00000000e0000000, 0x00000000ecb00000, 0x0000000100000000)
  eden space 132096K, 100% used [0x00000000e0000000,0x00000000e8100000,0x00000000e8100000)
  from space 18432K, 99% used [0x00000000e8100000,0x00000000e92f9198,0x00000000e9300000)
  to   space 20480K, 0% used [0x00000000eb700000,0x00000000eb700000,0x00000000ecb00000)
 ParOldGen       total 209920K, used 33687K [0x00000000a0000000, 0x00000000acd00000, 0x00000000e0000000)
  object space 209920K, 16% used [0x00000000a0000000,0x00000000a20e5c48,0x00000000acd00000)
 Metaspace       used 71697K, capacity 73992K, committed 74136K, reserved 1114112K
  class space    used 9558K, capacity 10133K, committed 10152K, reserved 1048576K
Event: 113.488 GC heap after
Heap after GC invocations=17 (full 3):
 PSYoungGen      total 181760K, used 20477K [0x00000000e0000000, 0x00000000ed200000, 0x0000000100000000)
  eden space 161280K, 0% used [0x00000000e0000000,0x00000000e0000000,0x00000000e9d80000)
  from space 20480K, 99% used [0x00000000eb700000,0x00000000ecaff660,0x00000000ecb00000)
  to   space 26112K, 0% used [0x00000000e9d80000,0x00000000e9d80000,0x00000000eb700000)
 ParOldGen       total 209920K, used 41407K [0x00000000a0000000, 0x00000000acd00000, 0x00000000e0000000)
  object space 209920K, 19% used [0x00000000a0000000,0x00000000a286ff10,0x00000000acd00000)
 Metaspace       used 71697K, capacity 73992K, committed 74136K, reserved 1114112K
  class space    used 9558K, capacity 10133K, committed 10152K, reserved 1048576K
}
Event: 198.026 GC heap before
{Heap before GC invocations=18 (full 3):
 PSYoungGen      total 181760K, used 181757K [0x00000000e0000000, 0x00000000ed200000, 0x0000000100000000)
  eden space 161280K, 100% used [0x00000000e0000000,0x00000000e9d80000,0x00000000e9d80000)
  from space 20480K, 99% used [0x00000000eb700000,0x00000000ecaff660,0x00000000ecb00000)
  to   space 26112K, 0% used [0x00000000e9d80000,0x00000000e9d80000,0x00000000eb700000)
 ParOldGen       total 209920K, used 41407K [0x00000000a0000000, 0x00000000acd00000, 0x00000000e0000000)
  object space 209920K, 19% used [0x00000000a0000000,0x00000000a286ff10,0x00000000acd00000)
 Metaspace       used 72941K, capacity 75372K, committed 75544K, reserved 1114112K
  class space    used 9647K, capacity 10233K, committed 10280K, reserved 1048576K
Event: 198.183 GC heap after
Heap after GC invocations=18 (full 3):
 PSYoungGen      total 187392K, used 26109K [0x00000000e0000000, 0x00000000ef800000, 0x0000000100000000)
  eden space 161280K, 0% used [0x00000000e0000000,0x00000000e0000000,0x00000000e9d80000)
  from space 26112K, 99% used [0x00000000e9d80000,0x00000000eb6ff640,0x00000000eb700000)
  to   space 30208K, 0% used [0x00000000eda80000,0x00000000eda80000,0x00000000ef800000)
 ParOldGen       total 209920K, used 42828K [0x00000000a0000000, 0x00000000acd00000, 0x00000000e0000000)
  object space 209920K, 20% used [0x00000000a0000000,0x00000000a29d3120,0x00000000acd00000)
 Metaspace       used 72941K, capacity 75372K, committed 75544K, reserved 1114112K
  class space    used 9647K, capacity 10233K, committed 10280K, reserved 1048576K
}
Event: 266.612 GC heap before
{Heap before GC invocations=19 (full 3):
 PSYoungGen      total 187392K, used 187389K [0x00000000e0000000, 0x00000000ef800000, 0x0000000100000000)
  eden space 161280K, 100% used [0x00000000e0000000,0x00000000e9d80000,0x00000000e9d80000)
  from space 26112K, 99% used [0x00000000e9d80000,0x00000000eb6ff640,0x00000000eb700000)
  to   space 30208K, 0% used [0x00000000eda80000,0x00000000eda80000,0x00000000ef800000)
 ParOldGen       total 209920K, used 42828K [0x00000000a0000000, 0x00000000acd00000, 0x00000000e0000000)
  object space 209920K, 20% used [0x00000000a0000000,0x00000000a29d3120,0x00000000acd00000)
 Metaspace       used 77528K, capacity 80250K, committed 80408K, reserved 1118208K
  class space    used 10040K, capacity 10680K, committed 10792K, reserved 1048576K
Event: 266.756 GC heap after
Heap after GC invocations=19 (full 3):
 PSYoungGen      total 217600K, used 30194K [0x00000000e0000000, 0x00000000eff80000, 0x0000000100000000)
  eden space 187392K, 0% used [0x00000000e0000000,0x00000000e0000000,0x00000000eb700000)
  from space 30208K, 99% used [0x00000000eda80000,0x00000000ef7fc960,0x00000000ef800000)
  to   space 36352K, 0% used [0x00000000eb700000,0x00000000eb700000,0x00000000eda80000)
 ParOldGen       total 209920K, used 47219K [0x00000000a0000000, 0x00000000acd00000, 0x00000000e0000000)
  object space 209920K, 22% used [0x00000000a0000000,0x00000000a2e1cdf0,0x00000000acd00000)
 Metaspace       used 77528K, capacity 80250K, committed 80408K, reserved 1118208K
  class space    used 10040K, capacity 10680K, committed 10792K, reserved 1048576K
}

Deoptimization events (10 events):
Event: 269.133 Thread 0x000000001ab81000 Uncommon trap: reason=class_check action=maybe_recompile pc=0x000000000396429c method=java.util.Collections$SetFromMap.add(Ljava/lang/Object;)Z @ 8
Event: 269.369 Thread 0x000000001ab7a000 Uncommon trap: reason=unstable_if action=reinterpret pc=0x0000000002f8a36c method=com.google.common.collect.MapMakerInternalMap$Segment.drainKeyReferenceQueue(Ljava/lang/ref/ReferenceQueue;)V @ 8
Event: 271.354 Thread 0x000000001ab81000 Uncommon trap: reason=unstable_if action=reinterpret pc=0x00000000041e7de4 method=org.gradle.internal.component.model.ComponentAttributeMatcher$CachedQuery.equals(Ljava/lang/Object;)Z @ 8
Event: 271.357 Thread 0x000000001ab81000 Uncommon trap: reason=unstable_if action=reinterpret pc=0x00000000042e6e28 method=org.gradle.internal.resource.ExternalResourceName.encode(Ljava/lang/String;Z)Ljava/lang/String; @ 116
Event: 272.463 Thread 0x000000001ab81000 Uncommon trap: reason=unstable_if action=reinterpret pc=0x0000000002f14cfc method=org.apache.http.message.TokenParser.isWhitespace(C)Z @ 3
Event: 272.464 Thread 0x000000001ab81000 Uncommon trap: reason=unstable_if action=reinterpret pc=0x000000000404e450 method=org.apache.http.util.CharArrayBuffer.indexOf(III)I @ 46
Event: 275.021 Thread 0x000000001ab81000 Uncommon trap: reason=unstable_if action=reinterpret pc=0x00000000034b8b24 method=com.google.common.collect.MapMakerInternalMap$Segment.getEntry(Ljava/lang/Object;I)Lcom/google/common/collect/MapMakerInternalMap$InternalEntry; @ 40
Event: 275.022 Thread 0x000000001ab81000 Uncommon trap: reason=unstable_if action=reinterpret pc=0x0000000003cff800 method=com.google.common.collect.MapMakerInternalMap$Segment.put(Ljava/lang/Object;ILjava/lang/Object;Z)Ljava/lang/Object; @ 92
Event: 275.028 Thread 0x000000001ab7e800 Uncommon trap: reason=unstable_if action=reinterpret pc=0x0000000003fc4790 method=com.google.common.collect.MapMakerInternalMap$Segment.getEntry(Ljava/lang/Object;I)Lcom/google/common/collect/MapMakerInternalMap$InternalEntry; @ 40
Event: 278.289 Thread 0x000000001ab81000 Uncommon trap: reason=unstable_if action=reinterpret pc=0x0000000003da38cc method=com.google.common.cache.LongAdder.add(J)V @ 24

Classes redefined (0 events):
No events

Internal exceptions (10 events):
Event: 267.467 Thread 0x0000000017a1f000 Exception <a 'sun/nio/fs/WindowsException'> (0x00000000e0b44068) thrown at [D:\src\AOSP-openjdk-cygwin\jdk8u\hotspot\src\share\vm\prims\jni.cpp, line 709]
Event: 267.467 Thread 0x0000000017a1f000 Exception <a 'sun/nio/fs/WindowsException'> (0x00000000e0b46198) thrown at [D:\src\AOSP-openjdk-cygwin\jdk8u\hotspot\src\share\vm\prims\jni.cpp, line 709]
Event: 267.468 Thread 0x0000000017a1f000 Exception <a 'sun/nio/fs/WindowsException'> (0x00000000e0b46ef0) thrown at [D:\src\AOSP-openjdk-cygwin\jdk8u\hotspot\src\share\vm\prims\jni.cpp, line 709]
Event: 268.975 Thread 0x000000001ab77000 Exception <a 'java/lang/NoSuchMethodError': <clinit>> (0x00000000e120df30) thrown at [D:\src\AOSP-openjdk-cygwin\jdk8u\hotspot\src\share\vm\prims\jni.cpp, line 1613]
Event: 268.976 Thread 0x000000001ab77000 Exception <a 'java/lang/NoSuchMethodError': <clinit>> (0x00000000e1219b70) thrown at [D:\src\AOSP-openjdk-cygwin\jdk8u\hotspot\src\share\vm\prims\jni.cpp, line 1613]
Event: 268.977 Thread 0x000000001ab77000 Exception <a 'java/lang/NoSuchMethodError': <clinit>> (0x00000000e1225ef8) thrown at [D:\src\AOSP-openjdk-cygwin\jdk8u\hotspot\src\share\vm\prims\jni.cpp, line 1613]
Event: 269.119 Thread 0x000000001ab77000 Exception <a 'java/lang/NoSuchMethodError': <clinit>> (0x00000000e1849b10) thrown at [D:\src\AOSP-openjdk-cygwin\jdk8u\hotspot\src\share\vm\prims\jni.cpp, line 1613]
Event: 269.122 Thread 0x000000001ab77000 Exception <a 'java/lang/NoSuchMethodError': <clinit>> (0x00000000e185ab28) thrown at [D:\src\AOSP-openjdk-cygwin\jdk8u\hotspot\src\share\vm\prims\jni.cpp, line 1613]
Event: 269.122 Thread 0x000000001ab77000 Exception <a 'java/lang/NoSuchMethodError': <clinit>> (0x00000000e185c640) thrown at [D:\src\AOSP-openjdk-cygwin\jdk8u\hotspot\src\share\vm\prims\jni.cpp, line 1613]
Event: 271.354 Thread 0x000000001ab81000 Implicit null exception at 0x00000000041e6384 to 0x00000000041e7db5

Events (10 events):
Event: 280.227 Executing VM operation: RevokeBias done
Event: 280.229 Executing VM operation: RevokeBias
Event: 280.230 Executing VM operation: RevokeBias done
Event: 280.234 Executing VM operation: BulkRevokeBias
Event: 280.235 Executing VM operation: BulkRevokeBias done
Event: 280.271 Thread 0x0000000015c94000 flushing nmethod 0x00000000026bdb90
Event: 280.290 Thread 0x0000000015c94000 flushing nmethod 0x00000000027c20d0
Event: 280.290 Thread 0x0000000015c94000 flushing nmethod 0x00000000028246d0
Event: 280.290 Thread 0x0000000015c94000 flushing nmethod 0x000000000287cf90
Event: 280.290 Thread 0x0000000015c94000 flushing nmethod 0x000000000289b1d0


Dynamic libraries:
0x00007ff660b10000 - 0x00007ff660b41000 	C:\Program Files\Android\Android Studio\jre\bin\java.exe
0x00007ff8ccf40000 - 0x00007ff8cd121000 	C:\WINDOWS\SYSTEM32\ntdll.dll
0x00007ff8cb670000 - 0x00007ff8cb721000 	C:\WINDOWS\System32\KERNEL32.DLL
0x00007ff8c9310000 - 0x00007ff8c9583000 	C:\WINDOWS\System32\KERNELBASE.dll
0x00007ff8cb210000 - 0x00007ff8cb2b1000 	C:\WINDOWS\System32\ADVAPI32.dll
0x00007ff8cb730000 - 0x00007ff8cb7ce000 	C:\WINDOWS\System32\msvcrt.dll
0x00007ff8cb830000 - 0x00007ff8cb88b000 	C:\WINDOWS\System32\sechost.dll
0x00007ff8cb2c0000 - 0x00007ff8cb3e4000 	C:\WINDOWS\System32\RPCRT4.dll
0x00007ff8cb4e0000 - 0x00007ff8cb670000 	C:\WINDOWS\System32\USER32.dll
0x00007ff8c9590000 - 0x00007ff8c95b0000 	C:\WINDOWS\System32\win32u.dll
0x00007ff8cb1e0000 - 0x00007ff8cb208000 	C:\WINDOWS\System32\GDI32.dll
0x00007ff8ca1e0000 - 0x00007ff8ca372000 	C:\WINDOWS\System32\gdi32full.dll
0x00007ff8c9d20000 - 0x00007ff8c9dbf000 	C:\WINDOWS\System32\msvcp_win.dll
0x00007ff8c9dc0000 - 0x00007ff8c9eb8000 	C:\WINDOWS\System32\ucrtbase.dll
0x00007ff8b8620000 - 0x00007ff8b8889000 	C:\WINDOWS\WinSxS\amd64_microsoft.windows.common-controls_6595b64144ccf1df_6.0.17134.765_none_fb42a1a930655896\COMCTL32.dll
0x00007ff8ca9b0000 - 0x00007ff8cacd2000 	C:\WINDOWS\System32\combase.dll
0x00007ff8c9f70000 - 0x00007ff8c9fea000 	C:\WINDOWS\System32\bcryptPrimitives.dll
0x00007ff8ccd70000 - 0x00007ff8ccd9d000 	C:\WINDOWS\System32\IMM32.DLL
0x000000006a960000 - 0x000000006aa32000 	C:\Program Files\Android\Android Studio\jre\jre\bin\msvcr100.dll
0x000000006add0000 - 0x000000006b611000 	C:\Program Files\Android\Android Studio\jre\jre\bin\server\jvm.dll
0x00007ff8cb4d0000 - 0x00007ff8cb4d8000 	C:\WINDOWS\System32\PSAPI.DLL
0x00007ff8c5cd0000 - 0x00007ff8c5cd9000 	C:\WINDOWS\SYSTEM32\WSOCK32.dll
0x00007ff8cb3f0000 - 0x00007ff8cb45c000 	C:\WINDOWS\System32\WS2_32.dll
0x00007ff8c74f0000 - 0x00007ff8c7513000 	C:\WINDOWS\SYSTEM32\WINMM.dll
0x00007ff8c4c70000 - 0x00007ff8c4c7a000 	C:\WINDOWS\SYSTEM32\VERSION.dll
0x00007ff8c74c0000 - 0x00007ff8c74ea000 	C:\WINDOWS\SYSTEM32\WINMMBASE.dll
0x00007ff8ca380000 - 0x00007ff8ca3c9000 	C:\WINDOWS\System32\cfgmgr32.dll
0x00007ff8c5cc0000 - 0x00007ff8c5ccf000 	C:\Program Files\Android\Android Studio\jre\jre\bin\verify.dll
0x00007ff8c5600000 - 0x00007ff8c5629000 	C:\Program Files\Android\Android Studio\jre\jre\bin\java.dll
0x00007ff8c5ca0000 - 0x00007ff8c5cb6000 	C:\Program Files\Android\Android Studio\jre\jre\bin\zip.dll
0x00007ff8cb890000 - 0x00007ff8cccd0000 	C:\WINDOWS\System32\SHELL32.dll
0x00007ff8ca900000 - 0x00007ff8ca9a9000 	C:\WINDOWS\System32\shcore.dll
0x00007ff8c9610000 - 0x00007ff8c9d1d000 	C:\WINDOWS\System32\windows.storage.dll
0x00007ff8cb460000 - 0x00007ff8cb4b1000 	C:\WINDOWS\System32\shlwapi.dll
0x00007ff8c92f0000 - 0x00007ff8c9301000 	C:\WINDOWS\System32\kernel.appcore.dll
0x00007ff8c92b0000 - 0x00007ff8c92cf000 	C:\WINDOWS\System32\profapi.dll
0x00007ff8c9260000 - 0x00007ff8c92ac000 	C:\WINDOWS\System32\powrprof.dll
0x00007ff8c9250000 - 0x00007ff8c925a000 	C:\WINDOWS\System32\FLTLIB.DLL
0x00007ff8c55e0000 - 0x00007ff8c55fa000 	C:\Program Files\Android\Android Studio\jre\jre\bin\net.dll
0x00007ff8c8ad0000 - 0x00007ff8c8b36000 	C:\WINDOWS\system32\mswsock.dll
0x00007ff8c3200000 - 0x00007ff8c3211000 	C:\Program Files\Android\Android Studio\jre\jre\bin\nio.dll
0x00007ff8bdad0000 - 0x00007ff8bdaee000 	C:\Users\deand\.gradle\native\25\windows-amd64\native-platform.dll
0x00007ff8bda90000 - 0x00007ff8bda9d000 	C:\Program Files\Android\Android Studio\jre\jre\bin\management.dll
0x00007ff8c8c80000 - 0x00007ff8c8c97000 	C:\WINDOWS\SYSTEM32\CRYPTSP.dll
0x00007ff8c8650000 - 0x00007ff8c8683000 	C:\WINDOWS\system32\rsaenh.dll
0x00007ff8c8db0000 - 0x00007ff8c8dd5000 	C:\WINDOWS\SYSTEM32\bcrypt.dll
0x00007ff8c9150000 - 0x00007ff8c9178000 	C:\WINDOWS\SYSTEM32\USERENV.dll
0x00007ff8c8cf0000 - 0x00007ff8c8cfb000 	C:\WINDOWS\SYSTEM32\CRYPTBASE.dll
0x00007ff8c87f0000 - 0x00007ff8c8828000 	C:\WINDOWS\SYSTEM32\IPHLPAPI.DLL
0x00007ff8cb4c0000 - 0x00007ff8cb4c8000 	C:\WINDOWS\System32\NSI.dll
0x00007ff8c1d80000 - 0x00007ff8c1d96000 	C:\WINDOWS\SYSTEM32\dhcpcsvc6.DLL
0x00007ff8c1f20000 - 0x00007ff8c1f3a000 	C:\WINDOWS\SYSTEM32\dhcpcsvc.DLL
0x00007ff8b5270000 - 0x00007ff8b5294000 	C:\Program Files\Android\Android Studio\jre\jre\bin\sunec.dll
0x00007ff8c8840000 - 0x00007ff8c88fe000 	C:\WINDOWS\SYSTEM32\DNSAPI.dll
0x00007ff8bd0b0000 - 0x00007ff8bd0ba000 	C:\Windows\System32\rasadhlp.dll
0x00007ff8bd670000 - 0x00007ff8bd6e2000 	C:\WINDOWS\System32\fwpuclnt.dll
0x00007ff8b8f40000 - 0x00007ff8b8f4b000 	C:\Program Files\Android\Android Studio\jre\jre\bin\sunmscapi.dll
0x00007ff8c9ff0000 - 0x00007ff8ca1d2000 	C:\WINDOWS\System32\CRYPT32.dll
0x00007ff8c92d0000 - 0x00007ff8c92e2000 	C:\WINDOWS\System32\MSASN1.dll

VM Arguments:
jvm_args: -Xmx1536m -Dfile.encoding=windows-1252 -Duser.country=US -Duser.language=en -Duser.variant 
java_command: org.gradle.launcher.daemon.bootstrap.GradleDaemon 5.1.1
java_class_path (initial): C:\Users\deand\.gradle\wrapper\dists\gradle-5.1.1-all\97z1ksx6lirer3kbvdnh7jtjg\gradle-5.1.1\lib\gradle-launcher-5.1.1.jar
Launcher Type: SUN_STANDARD

Environment Variables:
JAVA_HOME=C:\Program Files\Java\jdk1.8.0_191
PATH=C:\Program Files (x86)\Common Files\Oracle\Java\javapath;C:\WINDOWS\system32;C:\WINDOWS;C:\WINDOWS\System32\Wbem;C:\WINDOWS\System32\WindowsPowerShell\v1.0\;C:\WINDOWS\System32\OpenSSH\;C:\Program Files (x86)\Windows Live\Shared;C:\Program Files\nodejs\;C:\Program Files (x86)\Yarn\bin\;C:\Users\deand\AppData\Local\Programs\Python\Python37\Scripts\;C:\Users\deand\AppData\Local\Programs\Python\Python37\;C:\Users\deand\AppData\Local\Microsoft\WindowsApps;;C:\Users\deand\AppData\Local\Programs\Microsoft VS Code\bin;C:\Users\deand\AppData\Roaming\npm;C:\Users\deand\AppData\Local\Yarn\bin
USERNAME=deand
OS=Windows_NT
PROCESSOR_IDENTIFIER=AMD64 Family 21 Model 112 Stepping 0, AuthenticAMD



---------------  S Y S T E M  ---------------

OS: Windows 10.0 , 64 bit Build 17134 (10.0.17134.753)

CPU:total 2 (initial active 2) (2 cores per cpu, 1 threads per core) family 21 model 112 stepping 0, cmov, cx8, fxsr, mmx, sse, sse2, sse3, ssse3, sse4.1, sse4.2, popcnt, avx, avx2, aes, clmul, mmxext, 3dnowpref, lzcnt, sse4a, tsc, tscinvbit, tscinv, bmi1

Memory: 4k page, physical 12023480k(3053700k free), swap 14443192k(4520k free)

vm_info: OpenJDK 64-Bit Server VM (25.152-b01) for windows-amd64 JRE (1.8.0_152-release-1343-b01), built by "builder" with MS VC++ 10.0 (VS2010)

time: Mon May 27 20:52:03 2019
elapsed time: 280 seconds (0d 0h 4m 40s)

